current directory: /home/latarch/core/projects/ethravos.github.io/ruby/3.4.0/gems/json-2.9.1/ext/json/ext/parser
/usr/bin/ruby extconf.rb
checking for rb_enc_interned_str() in ruby.h... yes
checking for rb_hash_new_capa() in ruby.h... yes
checking for rb_hash_bulk_insert() in ruby.h... yes
checking for rb_category_warn() in ruby.h... yes
checking for strnlen() in string.h... yes
checking for whether -std=c99 is accepted as CFLAGS... yes
creating Makefile

current directory: /home/latarch/core/projects/ethravos.github.io/ruby/3.4.0/gems/json-2.9.1/ext/json/ext/parser
make DESTDIR\= sitearchdir\=./.gem.20260712-28842-m8sg0v sitelibdir\=./.gem.20260712-28842-m8sg0v clean

current directory: /home/latarch/core/projects/ethravos.github.io/ruby/3.4.0/gems/json-2.9.1/ext/json/ext/parser
make DESTDIR\= sitearchdir\=./.gem.20260712-28842-m8sg0v sitelibdir\=./.gem.20260712-28842-m8sg0v
compiling parser.c
linking shared-object json/ext/parser.so

current directory: /home/latarch/core/projects/ethravos.github.io/ruby/3.4.0/gems/json-2.9.1/ext/json/ext/parser
make DESTDIR\= sitearchdir\=./.gem.20260712-28842-m8sg0v sitelibdir\=./.gem.20260712-28842-m8sg0v install
/usr/bin/install -c -m 0755 parser.so ./.gem.20260712-28842-m8sg0v/json/ext

current directory: /home/latarch/core/projects/ethravos.github.io/ruby/3.4.0/gems/json-2.9.1/ext/json/ext/parser
make DESTDIR\= sitearchdir\=./.gem.20260712-28842-m8sg0v sitelibdir\=./.gem.20260712-28842-m8sg0v clean
